BaseApplicationTest/build/outputs/logs/manifest-merger-debug-report.txt
-- Merging decision tree log ---
manifest
ADDED from src\main\AndroidManifest.xml:1:55-10:125
	package
		ADDED from src\main\AndroidManifest.xml:1:174-200
	android:versionName
		ADDED from src\main\AndroidManifest.xml:1:148-173
		INJECTED from src\main\AndroidManifest.xml
		INJECTED from src\main\AndroidManifest.xml
	android:versionCode
		ADDED from src\main\AndroidManifest.xml:1:124-147
		INJECTED from src\main\AndroidManifest.xml
		INJECTED from src\main\AndroidManifest.xml
	xmlns:android
		ADDED from src\main\AndroidManifest.xml:1:65-123
application
ADDED from src\main\AndroidManifest.xml:2:5-9:19
	android:label
		ADDED from src\main\AndroidManifest.xml:2:18-50
activity#com.jajale.watch.SplashActivity
ADDED from src\main\AndroidManifest.xml:3:9-8:20
	android:label
		ADDED from src\main\AndroidManifest.xml:3:19-51
	android:name
		ADDED from src\main\AndroidManifest.xml:3:52-81
intent-filter#android.intent.action.MAIN+android.intent.category.LAUNCHER
ADDED from src\main\AndroidManifest.xml:4:13-7:29
action#android.intent.action.MAIN
ADDED from src\main\AndroidManifest.xml:5:17-68
	android:name
		ADDED from src\main\AndroidManifest.xml:5:25-66
category#android.intent.category.LAUNCHER
ADDED from src\main\AndroidManifest.xml:6:17-76
	android:name
		ADDED from src\main\AndroidManifest.xml:6:27-74
instrumentation#android.test.InstrumentationTestRunner
ADDED from src\main\AndroidManifest.xml:10:1-114
	android:targetPackage
		ADDED from src\main\AndroidManifest.xml:10:72-112
	android:name
		ADDED from src\main\AndroidManifest.xml:10:18-71
uses-sdk
INJECTED from src\main\AndroidManifest.xml reason: use-sdk injection requested
	android:minSdkVersion
		INJECTED from src\main\AndroidManifest.xml
		INJECTED from src\main\AndroidManifest.xml